<?xml version="1.0" encoding="UTF-8"?>
<!-- Generated by org.testng.reporters.JUnitReportReporter -->
<testsuite hostname="DESKTOP-3QEESR8" failures="0" tests="2" name="mcq_180107.AdminResultNGTest" time="0.447" errors="0" timestamp="12 Feb 2020 19:25:43 GMT">
  <testcase classname="mcq_180107.AdminResultNGTest" name="testInit" time="0.424"/>
  <testcase classname="mcq_180107.AdminResultNGTest" name="testMain" time="0.023"/>
</testsuite> <!-- mcq_180107.AdminResultNGTest -->
