<?xml version="1.0" encoding="UTF-8"?>
<!-- Generated by org.testng.reporters.JUnitReportReporter -->
<testsuite hostname="DESKTOP-3QEESR8" failures="0" tests="1" name="mcq_180107.LoginNGTest" time="0.196" errors="0" timestamp="12 Feb 2020 19:26:24 GMT">
  <testcase classname="mcq_180107.LoginNGTest" name="testMain" time="0.196"/>
</testsuite> <!-- mcq_180107.LoginNGTest -->
