<?xml version="1.0" encoding="UTF-8"?>
<!-- Generated by org.testng.reporters.JUnitReportReporter -->
<testsuite hostname="DESKTOP-3QEESR8" failures="0" tests="7" name="mcq_180107.AdminQuestionSetNGTest" time="2.382" errors="0" timestamp="12 Feb 2020 19:44:29 GMT">
  <testcase classname="mcq_180107.AdminQuestionSetNGTest" name="testSubId" time="0.169"/>
  <testcase classname="mcq_180107.AdminQuestionSetNGTest" name="testCheckField" time="1.804"/>
  <testcase classname="mcq_180107.AdminQuestionSetNGTest" name="testMain" time="0.030"/>
  <testcase classname="mcq_180107.AdminQuestionSetNGTest" name="testCheckQS" time="0.246"/>
  <testcase classname="mcq_180107.AdminQuestionSetNGTest" name="testLoadData" time="0.025"/>
  <testcase classname="mcq_180107.AdminQuestionSetNGTest" name="testReset" time="0.076"/>
  <testcase classname="mcq_180107.AdminQuestionSetNGTest" name="testCheckQSDup" time="0.032"/>
</testsuite> <!-- mcq_180107.AdminQuestionSetNGTest -->
