<?xml version="1.0" encoding="UTF-8"?>
<!-- Generated by org.testng.reporters.JUnitReportReporter -->
<testsuite hostname="DESKTOP-3QEESR8" failures="0" tests="1" name="mcq_180107.AdminDashNGTest" time="0.239" errors="0" timestamp="13 Feb 2020 04:58:12 GMT">
  <testcase classname="mcq_180107.AdminDashNGTest" name="testMain" time="0.239"/>
</testsuite> <!-- mcq_180107.AdminDashNGTest -->
