<?xml version="1.0" encoding="UTF-8"?>
<!-- Generated by org.testng.reporters.JUnitReportReporter -->
<testsuite hostname="DESKTOP-3QEESR8" failures="0" tests="2" name="mcq_180107.ConnectNGTest" time="0.163" errors="0" timestamp="12 Feb 2020 19:22:07 GMT">
  <testcase classname="mcq_180107.ConnectNGTest" name="testGetResult" time="0.010"/>
  <testcase classname="mcq_180107.ConnectNGTest" name="testGetConnection" time="0.153"/>
</testsuite> <!-- mcq_180107.ConnectNGTest -->
