<?xml version="1.0" encoding="UTF-8"?>
<!-- Generated by org.testng.reporters.JUnitReportReporter -->
<testsuite hostname="DESKTOP-3QEESR8" failures="0" tests="6" name="mcq_180107.AdminQuestionNGTest" time="1.969" errors="0" timestamp="13 Feb 2020 05:35:06 GMT">
  <testcase classname="mcq_180107.AdminQuestionNGTest" name="testReset" time="0.075"/>
  <testcase classname="mcq_180107.AdminQuestionNGTest" name="testSetQsId" time="0.084"/>
  <testcase classname="mcq_180107.AdminQuestionNGTest" name="testSetSubId" time="0.023"/>
  <testcase classname="mcq_180107.AdminQuestionNGTest" name="testCheckField" time="1.583"/>
  <testcase classname="mcq_180107.AdminQuestionNGTest" name="testMain" time="0.021"/>
  <testcase classname="mcq_180107.AdminQuestionNGTest" name="testLoadData" time="0.183"/>
</testsuite> <!-- mcq_180107.AdminQuestionNGTest -->
