<?xml version="1.0" encoding="UTF-8"?>
<!-- Generated by org.testng.reporters.JUnitReportReporter -->
<testsuite hostname="DESKTOP-3QEESR8" failures="0" tests="3" name="mcq_180107.MCQ_ExamNGTest" time="0.571" errors="0" timestamp="12 Feb 2020 19:34:09 GMT">
  <testcase classname="mcq_180107.MCQ_ExamNGTest" name="testSetVar" time="0.079"/>
  <testcase classname="mcq_180107.MCQ_ExamNGTest" name="testMain" time="0.026"/>
  <testcase classname="mcq_180107.MCQ_ExamNGTest" name="testInit" time="0.466"/>
</testsuite> <!-- mcq_180107.MCQ_ExamNGTest -->
