<?xml version="1.0" encoding="UTF-8"?>
<!-- Generated by org.testng.reporters.JUnitReportReporter -->
<testsuite hostname="DESKTOP-3QEESR8" failures="0" tests="6" name="mcq_180107.AdminSubjectNGTest" time="2.294" errors="0" timestamp="13 Feb 2020 05:37:35 GMT">
  <testcase classname="mcq_180107.AdminSubjectNGTest" name="testCheckSubjectDup" time="0.039"/>
  <testcase classname="mcq_180107.AdminSubjectNGTest" name="testMain" time="0.039"/>
  <testcase classname="mcq_180107.AdminSubjectNGTest" name="testLoadData" time="0.041"/>
  <testcase classname="mcq_180107.AdminSubjectNGTest" name="testReset" time="0.095"/>
  <testcase classname="mcq_180107.AdminSubjectNGTest" name="testCheckSubject" time="0.040"/>
  <testcase classname="mcq_180107.AdminSubjectNGTest" name="testCheckField" time="2.040"/>
</testsuite> <!-- mcq_180107.AdminSubjectNGTest -->
