<?xml version="1.0" encoding="UTF-8"?>
<!-- Generated by org.testng.reporters.JUnitReportReporter -->
<testsuite hostname="DESKTOP-3QEESR8" failures="0" tests="6" name="mcq_180107.AdminUserNGTest" time="1.823" errors="0" timestamp="12 Feb 2020 19:23:57 GMT">
  <testcase classname="mcq_180107.AdminUserNGTest" name="testMain" time="0.021"/>
  <testcase classname="mcq_180107.AdminUserNGTest" name="testTokenGenerator" time="0.107"/>
  <testcase classname="mcq_180107.AdminUserNGTest" name="testCheckUserDup" time="0.028"/>
  <testcase classname="mcq_180107.AdminUserNGTest" name="testLoadData" time="0.023"/>
  <testcase classname="mcq_180107.AdminUserNGTest" name="testReset" time="0.058"/>
  <testcase classname="mcq_180107.AdminUserNGTest" name="testCheckField" time="1.586"/>
</testsuite> <!-- mcq_180107.AdminUserNGTest -->
