<?xml version="1.0" encoding="UTF-8"?>
<!-- Generated by org.testng.reporters.JUnitReportReporter -->
<testsuite hostname="DESKTOP-3QEESR8" failures="0" tests="4" name="mcq_180107.UserDashNGTest" time="0.642" errors="0" timestamp="12 Feb 2020 19:33:07 GMT">
  <testcase classname="mcq_180107.UserDashNGTest" name="testMain" time="0.021"/>
  <testcase classname="mcq_180107.UserDashNGTest" name="testGetQuestionCount" time="0.330"/>
  <testcase classname="mcq_180107.UserDashNGTest" name="testInit" time="0.161"/>
  <testcase classname="mcq_180107.UserDashNGTest" name="testSetVar" time="0.130"/>
</testsuite> <!-- mcq_180107.UserDashNGTest -->
